CREATE_DIR: /docs
CREATE_DIR: /images
CREATE_FILE: /docs/olamundo.txt
LIST_DIR: /docs
CREATE_DIR: /docs
CREATE_FILE: /docs/olamundo.txt
CREATE_DIR: /docs
CREATE_FILE: /docs/olamundo.txt
LIST_DIR: /docs
CREATE_FILE: /docs/welcome.txt
LIST_DIR: /docs
LIST_DIR: /docs
CREATE_DIR: /docs
CREATE_FILE: /docs/olamundo.txt
CREATE_FILE: /docs/welcome.txt
LIST_DIR: /docs
CREATE_DIR: /docs
CREATE_FILE: /docs/olamundo.txt
CREATE_FILE: /docs/welcome.txt
CREATE_DIR: /docs
CREATE_FILE: /docs/olamundo.txt
CREATE_DIR: /docs
CREATE_DIR: /arq
CREATE_DIR: /images
CREATE_FILE: /docs/olamundo.txt
CREATE_FILE: /docs/welcome.txt
CREATE_FILE: /arq/teste.txt
LIST_DIR: /arq
LIST_DIR: /docs
LIST_DIR: dir
CREATE_DIR: /docs
CREATE_DIR: /arq
CREATE_FILE: /docs/teste.txt
CREATE_DIR: /docs
CREATE_DIR: /arq
CREATE_FILE: /docs/olamundo.txt
CREATE_DIR: docs
CREATE_DIR: /arq
DELETE_DIR: docs
CREATE_DIR: /docs
CREATE_FILE: /docs/olamundo.txt
CREATE_DIR: /docs
CREATE_DIR: /arq
CREATE_FILE: /docs/teste.txt
LIST_DIR: /docs
CREATE_DIR: /docs
CREATE_DIR: /arq
CREATE_FILE: /docs/teste.txt
CREATE_DIR: /docs
CREATE_FILE: /docs/olamundo.txt
CREATE_DIR: /docs
CREATE_FILE: /docs/teste.txt
CREATE_FILE: /docs/olamundo.txt
CREATE_DIR: /docs
CREATE_FILE: /docs/olamundo.txt
CREATE_DIR: /docs
CREATE_FILE: /docs/olamundo.txt
